================================================================================
INFRASTRUCTURE OPTIMIZATION EXPERIMENT
================================================================================

Configuration:
  File Format:        feather
  Compression:        snappy
  Partition Columns:  None
  Column Pruning:     True
  Predicate Pushdown: False
  Cache Intermediate: False
  Chunk Size:         100,000

Dataset Directory:  /Users/henry/.cache/autoinfra/data
Time Budget:        300s
================================================================================

Running pipeline...

Total execution time: 0.2s
---
efficiency_score:     4474976.2926
latency_seconds:      0.2
cost_dollars:         0.0002
resource_health:      100.0
throughput_mb_s:      4360.0
data_processed_gb:    1.0
peak_memory_gb:       0.0
cpu_utilization_pct:  0.0
data_correct:         True

================================================================================
EXPERIMENT COMPLETED SUCCESSFULLY
================================================================================
